# JRE version: OpenJDK Runtime Environment (8.0_242-b01) (build 1.8.0_242-release-1644-b01)
# Java VM: OpenJDK 64-Bit Server VM (25.242-b01 mixed mode windows-amd64 compressed oops)
Heap:
 PSYoungGen      total 159744K, used 104418K [0x00000000e0000000, 0x00000000ed580000, 0x0000000100000000)
  eden space 145920K, 71% used [0x00000000e0000000,0x00000000e65f8a78,0x00000000e8e80000)
  from space 13824K, 0% used [0x00000000e8e80000,0x00000000e8e80000,0x00000000e9c00000)
  to   space 16896K, 0% used [0x00000000ec500000,0x00000000ec500000,0x00000000ed580000)
 ParOldGen       total 90112K, used 35737K [0x00000000a0000000, 0x00000000a5800000, 0x00000000e0000000)
  object space 90112K, 39% used [0x00000000a0000000,0x00000000a22e6530,0x00000000a5800000)
 Metaspace       used 61907K, capacity 64598K, committed 64680K, reserved 1105920K
  class space    used 8535K, capacity 9102K, committed 9136K, reserved 1048576K
GC Heap History (10 events):
Event: 24.039 GC heap before
{Heap before GC invocations=14 (full 2):
 PSYoungGen      total 122368K, used 2264K [0x00000000e0000000, 0x00000000e9500000, 0x0000000100000000)
  eden space 113664K, 0% used [0x00000000e0000000,0x00000000e0000000,0x00000000e6f00000)
  from space 8704K, 26% used [0x00000000e7780000,0x00000000e79b6298,0x00000000e8000000)
  to   space 8704K, 0% used [0x00000000e6f00000,0x00000000e6f00000,0x00000000e7780000)
 ParOldGen       total 35840K, used 17199K [0x00000000a0000000, 0x00000000a2300000, 0x00000000e0000000)
  object space 35840K, 47% used [0x00000000a0000000,0x00000000a10cbff0,0x00000000a2300000)
 Metaspace       used 34613K, capacity 35412K, committed 35496K, reserved 1079296K
  class space    used 4741K, capacity 4961K, committed 5040K, reserved 1048576K
Event: 24.296 GC heap after
Heap after GC invocations=14 (full 2):
 PSYoungGen      total 122368K, used 0K [0x00000000e0000000, 0x00000000e9500000, 0x0000000100000000)
  eden space 113664K, 0% used [0x00000000e0000000,0x00000000e0000000,0x00000000e6f00000)
  from space 8704K, 0% used [0x00000000e7780000,0x00000000e7780000,0x00000000e8000000)
  to   space 8704K, 0% used [0x00000000e6f00000,0x00000000e6f00000,0x00000000e7780000)
 ParOldGen       total 53248K, used 14851K [0x00000000a0000000, 0x00000000a3400000, 0x00000000e0000000)
  object space 53248K, 27% used [0x00000000a0000000,0x00000000a0e80d00,0x00000000a3400000)
 Metaspace       used 34613K, capacity 35412K, committed 35496K, reserved 1079296K
  class space    used 4741K, capacity 4961K, committed 5040K, reserved 1048576K
}
Event: 46.642 GC heap before
{Heap before GC invocations=15 (full 2):
 PSYoungGen      total 122368K, used 113664K [0x00000000e0000000, 0x00000000e9500000, 0x0000000100000000)
  eden space 113664K, 100% used [0x00000000e0000000,0x00000000e6f00000,0x00000000e6f00000)
  from space 8704K, 0% used [0x00000000e7780000,0x00000000e7780000,0x00000000e8000000)
  to   space 8704K, 0% used [0x00000000e6f00000,0x00000000e6f00000,0x00000000e7780000)
 ParOldGen       total 53248K, used 14851K [0x00000000a0000000, 0x00000000a3400000, 0x00000000e0000000)
  object space 53248K, 27% used [0x00000000a0000000,0x00000000a0e80d00,0x00000000a3400000)
 Metaspace       used 44493K, capacity 45914K, committed 46120K, reserved 1089536K
  class space    used 6019K, capacity 6367K, committed 6448K, reserved 1048576K
Event: 46.766 GC heap after
Heap after GC invocations=15 (full 2):
 PSYoungGen      total 122368K, used 8690K [0x00000000e0000000, 0x00000000ea800000, 0x0000000100000000)
  eden space 113664K, 0% used [0x00000000e0000000,0x00000000e0000000,0x00000000e6f00000)
  from space 8704K, 99% used [0x00000000e6f00000,0x00000000e777c9d0,0x00000000e7780000)
  to   space 12288K, 0% used [0x00000000e9c00000,0x00000000e9c00000,0x00000000ea800000)
 ParOldGen       total 53248K, used 20414K [0x00000000a0000000, 0x00000000a3400000, 0x00000000e0000000)
  object space 53248K, 38% used [0x00000000a0000000,0x00000000a13efab8,0x00000000a3400000)
 Metaspace       used 44493K, capacity 45914K, committed 46120K, reserved 1089536K
  class space    used 6019K, capacity 6367K, committed 6448K, reserved 1048576K
}
Event: 63.953 GC heap before
{Heap before GC invocations=16 (full 2):
 PSYoungGen      total 122368K, used 122354K [0x00000000e0000000, 0x00000000ea800000, 0x0000000100000000)
  eden space 113664K, 100% used [0x00000000e0000000,0x00000000e6f00000,0x00000000e6f00000)
  from space 8704K, 99% used [0x00000000e6f00000,0x00000000e777c9d0,0x00000000e7780000)
  to   space 12288K, 0% used [0x00000000e9c00000,0x00000000e9c00000,0x00000000ea800000)
 ParOldGen       total 53248K, used 20414K [0x00000000a0000000, 0x00000000a3400000, 0x00000000e0000000)
  object space 53248K, 38% used [0x00000000a0000000,0x00000000a13efab8,0x00000000a3400000)
 Metaspace       used 51612K, capacity 53470K, committed 53544K, reserved 1095680K
  class space    used 6979K, capacity 7417K, committed 7472K, reserved 1048576K
Event: 64.085 GC heap after
Heap after GC invocations=16 (full 2):
 PSYoungGen      total 158208K, used 11850K [0x00000000e0000000, 0x00000000ea980000, 0x0000000100000000)
  eden space 145920K, 0% used [0x00000000e0000000,0x00000000e0000000,0x00000000e8e80000)
  from space 12288K, 96% used [0x00000000e9c00000,0x00000000ea792858,0x00000000ea800000)
  to   space 13824K, 0% used [0x00000000e8e80000,0x00000000e8e80000,0x00000000e9c00000)
 ParOldGen       total 53248K, used 28075K [0x00000000a0000000, 0x00000000a3400000, 0x00000000e0000000)
  object space 53248K, 52% used [0x00000000a0000000,0x00000000a1b6adb0,0x00000000a3400000)
 Metaspace       used 51612K, capacity 53470K, committed 53544K, reserved 1095680K
  class space    used 6979K, capacity 7417K, committed 7472K, reserved 1048576K
}
Event: 75.683 GC heap before
{Heap before GC invocations=17 (full 2):
 PSYoungGen      total 158208K, used 106725K [0x00000000e0000000, 0x00000000ea980000, 0x0000000100000000)
  eden space 145920K, 65% used [0x00000000e0000000,0x00000000e5ca6fa0,0x00000000e8e80000)
  from space 12288K, 96% used [0x00000000e9c00000,0x00000000ea792858,0x00000000ea800000)
  to   space 13824K, 0% used [0x00000000e8e80000,0x00000000e8e80000,0x00000000e9c00000)
 ParOldGen       total 53248K, used 28075K [0x00000000a0000000, 0x00000000a3400000, 0x00000000e0000000)
  object space 53248K, 52% used [0x00000000a0000000,0x00000000a1b6adb0,0x00000000a3400000)
 Metaspace       used 56995K, capacity 59026K, committed 59160K, reserved 1099776K
  class space    used 7776K, capacity 8265K, committed 8368K, reserved 1048576K
Event: 75.765 GC heap after
Heap after GC invocations=17 (full 2):
 PSYoungGen      total 159744K, used 13801K [0x00000000e0000000, 0x00000000ed580000, 0x0000000100000000)
  eden space 145920K, 0% used [0x00000000e0000000,0x00000000e0000000,0x00000000e8e80000)
  from space 13824K, 99% used [0x00000000e8e80000,0x00000000e9bfa488,0x00000000e9c00000)
  to   space 16896K, 0% used [0x00000000ec500000,0x00000000ec500000,0x00000000ed580000)
 ParOldGen       total 53248K, used 29974K [0x00000000a0000000, 0x00000000a3400000, 0x00000000e0000000)
  object space 53248K, 56% used [0x00000000a0000000,0x00000000a1d45bd8,0x00000000a3400000)
 Metaspace       used 56995K, capacity 59026K, committed 59160K, reserved 1099776K
  class space    used 7776K, capacity 8265K, committed 8368K, reserved 1048576K
}
Event: 75.765 GC heap before
{Heap before GC invocations=18 (full 3):
 PSYoungGen      total 159744K, used 13801K [0x00000000e0000000, 0x00000000ed580000, 0x0000000100000000)
  eden space 145920K, 0% used [0x00000000e0000000,0x00000000e0000000,0x00000000e8e80000)
  from space 13824K, 99% used [0x00000000e8e80000,0x00000000e9bfa488,0x00000000e9c00000)
  to   space 16896K, 0% used [0x00000000ec500000,0x00000000ec500000,0x00000000ed580000)
 ParOldGen       total 53248K, used 29974K [0x00000000a0000000, 0x00000000a3400000, 0x00000000e0000000)
  object space 53248K, 56% used [0x00000000a0000000,0x00000000a1d45bd8,0x00000000a3400000)
 Metaspace       used 56995K, capacity 59026K, committed 59160K, reserved 1099776K
  class space    used 7776K, capacity 8265K, committed 8368K, reserved 1048576K
Event: 76.962 GC heap after
Heap after GC invocations=18 (full 3):
 PSYoungGen      total 159744K, used 0K [0x00000000e0000000, 0x00000000ed580000, 0x0000000100000000)
  eden space 145920K, 0% used [0x00000000e0000000,0x00000000e0000000,0x00000000e8e80000)
  from space 13824K, 0% used [0x00000000e8e80000,0x00000000e8e80000,0x00000000e9c00000)
  to   space 16896K, 0% used [0x00000000ec500000,0x00000000ec500000,0x00000000ed580000)
 ParOldGen       total 90112K, used 35737K [0x00000000a0000000, 0x00000000a5800000, 0x00000000e0000000)
  object space 90112K, 39% used [0x00000000a0000000,0x00000000a22e6530,0x00000000a5800000)
 Metaspace       used 56981K, capacity 58978K, committed 59160K, reserved 1099776K
  class space    used 7772K, capacity 8257K, committed 8368K, reserved 1048576K
}

